2006.01.10 11:13 B C:\Mis documentos\vivasanmartin\municipalidad\actividades zonales.htm --> vivasanmartin.com.ar /municipalidad actividades zonales.htm
2006.01.10 11:14 B C:\Mis documentos\vivasanmartin\municipalidad\MGSM,HABILITACION.htm --> vivasanmartin.com.ar /municipalidad MGSM,HABILITACION.htm
2006.01.10 11:14 B C:\Mis documentos\vivasanmartin\municipalidad\muni.spublica.htm --> vivasanmartin.com.ar /municipalidad muni.spublica.htm
2006.01.10 11:14 B C:\Mis documentos\vivasanmartin\municipalidad\Municipalidad.htm --> vivasanmartin.com.ar /municipalidad Municipalidad.htm
2006.01.10 11:26 B C:\Mis documentos\vivasanmartin\municipalidad\actividades zonales.htm --> vivasanmartin.com.ar / actividades zonales.htm
2006.01.10 11:26 B C:\Mis documentos\vivasanmartin\municipalidad\MGSM,HABILITACION.htm --> vivasanmartin.com.ar / MGSM,HABILITACION.htm
2006.01.10 11:26 B C:\Mis documentos\vivasanmartin\municipalidad\muni.spublica.htm --> vivasanmartin.com.ar / muni.spublica.htm
2006.01.10 11:26 B C:\Mis documentos\vivasanmartin\municipalidad\Municipalidad.htm --> vivasanmartin.com.ar / Municipalidad.htm
2006.01.10 11:26 B C:\Mis documentos\vivasanmartin\municipalidad\WS_FTP.LOG --> vivasanmartin.com.ar / WS_FTP.LOG
2006.01.10 11:54 B C:\Mis documentos\vivasanmartin\municipalidad\actividades zonales.htm --> vivasanmartin.com.ar /vivasanmartin/municipalidad actividades zonales.htm
2006.01.10 11:54 B C:\Mis documentos\vivasanmartin\municipalidad\MGSM,HABILITACION.htm --> vivasanmartin.com.ar /vivasanmartin/municipalidad MGSM,HABILITACION.htm
2006.01.10 11:54 B C:\Mis documentos\vivasanmartin\municipalidad\muni.spublica.htm --> vivasanmartin.com.ar /vivasanmartin/municipalidad muni.spublica.htm
2006.01.10 11:54 B C:\Mis documentos\vivasanmartin\municipalidad\Municipalidad.htm --> vivasanmartin.com.ar /vivasanmartin/municipalidad Municipalidad.htm
2006.01.10 11:54 B C:\Mis documentos\vivasanmartin\municipalidad\WS_FTP.LOG --> vivasanmartin.com.ar /vivasanmartin/municipalidad WS_FTP.LOG
2006.01.10 15:59 B C:\Mis documentos\vivasanmartin\municipalidad\actividades zonales.htm --> vivasanmartin.com.ar /municipalidad actividades zonales.htm
2006.01.10 15:59 B C:\Mis documentos\vivasanmartin\municipalidad\MGSM,HABILITACION.htm --> vivasanmartin.com.ar /municipalidad MGSM,HABILITACION.htm
2006.01.10 15:59 B C:\Mis documentos\vivasanmartin\municipalidad\muni.spublica.htm --> vivasanmartin.com.ar /municipalidad muni.spublica.htm
2006.01.10 15:59 B C:\Mis documentos\vivasanmartin\municipalidad\Municipalidad.htm --> vivasanmartin.com.ar /municipalidad Municipalidad.htm
2006.01.10 15:59 B C:\Mis documentos\vivasanmartin\municipalidad\WS_FTP.LOG --> vivasanmartin.com.ar /municipalidad WS_FTP.LOG
2006.01.15 17:50 B C:\Mis documentos\vivasanmartin\municipalidad\actividades zonales.htm --> vivasanmartin.com.ar /municipalidad actividades zonales.htm
2006.01.15 17:59 B C:\Mis documentos\vivasanmartin\municipalidad\actividades zonales.htm --> vivasanmartin.com.ar /municipalidad actividades zonales.htm
2006.01.15 17:59 B C:\Mis documentos\vivasanmartin\municipalidad\MGSM,HABILITACION.htm --> vivasanmartin.com.ar /municipalidad MGSM,HABILITACION.htm
2006.01.15 17:59 B C:\Mis documentos\vivasanmartin\municipalidad\muni.spublica.htm --> vivasanmartin.com.ar /municipalidad muni.spublica.htm
2006.01.15 17:59 B C:\Mis documentos\vivasanmartin\municipalidad\Municipalidad.htm --> vivasanmartin.com.ar /municipalidad Municipalidad.htm
2012.01.04 14:49 B C:\Users\j\Desktop\FTP\municipalidad\WS_FTP.LOG <-- vivasanmartin.com.ar /municipalidad WS_FTP.LOG
2012.02.05 09:14 B C:\Users\j\Desktop\VIVASANMARTIN\municipalidad\Municipalidad.htm --> vivasanmartin.com.ar /municipalidad Municipalidad.htm
2012.02.05 09:16 B C:\Users\j\Desktop\VIVASANMARTIN\municipalidad\Municipalidad.htm --> vivasanmartin.com.ar /municipalidad Municipalidad.htm
2012.10.13 11:24 B C:\Users\j\Desktop\VIVASANMARTIN\municipalidad\actividades zonales.htm --> vivasanmartin.com.ar /municipalidad actividades zonales.htm
2012.10.13 11:25 B C:\Users\j\Desktop\VIVASANMARTIN\municipalidad\actividades zonales.htm --> vivasanmartin.com.ar /municipalidad actividades zonales.htm
2016.08.28 15:38 B C:\Users\j\Desktop\VIVASANMARTIN\municipalidad\actividades zonales.htm --> 31.170.160.89 /public_html/municipalidad actividades zonales.htm
2016.08.28 15:38 B C:\Users\j\Desktop\VIVASANMARTIN\municipalidad\MGSM,HABILITACION.htm --> 31.170.160.89 /public_html/municipalidad MGSM,HABILITACION.htm
2016.08.28 15:38 B C:\Users\j\Desktop\VIVASANMARTIN\municipalidad\muni.spublica.htm --> 31.170.160.89 /public_html/municipalidad muni.spublica.htm
2016.08.28 15:38 B C:\Users\j\Desktop\VIVASANMARTIN\municipalidad\Municipalidad.htm --> 31.170.160.89 /public_html/municipalidad Municipalidad.htm
2016.08.28 15:38 B C:\Users\j\Desktop\VIVASANMARTIN\municipalidad\WS_FTP.LOG --> 31.170.160.89 /public_html/municipalidad WS_FTP.LOG
2016.09.01 09:29 B C:\Users\j\Desktop\VIVASANMARTIN\municipalidad\Municipalidad.htm --> 31.170.160.89 /public_html/municipalidad Municipalidad.htm
2016.09.01 09:29 B C:\Users\j\Desktop\VIVASANMARTIN\municipalidad\actividades zonales.htm --> 31.170.160.89 /public_html/municipalidad actividades zonales.htm
2019.11.10 14:32 B C:\Users\j\Desktop\VIVASANMARTIN\municipalidad\actividades zonales.htm --> files.000webhost.com /public_html/municipalidad actividades zonales.htm
2019.11.10 14:32 B C:\Users\j\Desktop\VIVASANMARTIN\municipalidad\MGSM,HABILITACION.htm --> files.000webhost.com /public_html/municipalidad MGSM,HABILITACION.htm
2019.11.10 14:32 B C:\Users\j\Desktop\VIVASANMARTIN\municipalidad\muni.spublica.htm --> files.000webhost.com /public_html/municipalidad muni.spublica.htm
2019.11.10 14:32 B C:\Users\j\Desktop\VIVASANMARTIN\municipalidad\Municipalidad.htm --> files.000webhost.com /public_html/municipalidad Municipalidad.htm
2019.11.10 14:32 B C:\Users\j\Desktop\VIVASANMARTIN\municipalidad\WS_FTP.LOG --> files.000webhost.com /public_html/municipalidad WS_FTP.LOG
2019.11.14 15:45 B C:\Users\j\Desktop\VIVASANMARTIN\municipalidad\Municipalidad.htm <-- vivasanmartin.com.ar /public_html/municipalidad Municipalidad.htm
2019.11.14 16:18 B C:\Users\j\Desktop\VIVASANMARTIN\municipalidad\actividades zonales.htm <-- vivasanmartin.com.ar /public_html/municipalidad actividades zonales.htm
2019.11.14 16:18 B C:\Users\j\Desktop\VIVASANMARTIN\municipalidad\MGSM,HABILITACION.htm <-- vivasanmartin.com.ar /public_html/municipalidad MGSM,HABILITACION.htm
2019.11.14 16:18 B C:\Users\j\Desktop\VIVASANMARTIN\municipalidad\muni.spublica.htm <-- vivasanmartin.com.ar /public_html/municipalidad muni.spublica.htm
2019.11.14 16:59 B C:\Users\j\Desktop\VIVASANMARTIN\municipalidad\Municipalidad.htm --> files.000webhost.com /public_html Municipalidad.htm
2019.11.14 17:53 B C:\Users\j\Desktop\VIVASANMARTIN\municipalidad\Municipalidad.htm --> files.000webhost.com /public_html/municipalidad Municipalidad.htm
2019.11.15 17:53 B C:\Users\j\Desktop\VIVASANMARTIN\municipalidad\Municipalidad.htm --> files.000webhost.com /public_html/municipalidad Municipalidad.htm
